{
  "stats": {
    "suites": 1,
    "tests": 4,
    "passes": 4,
    "pending": 0,
    "failures": 0,
    "start": "2025-02-07T18:12:19.564Z",
    "end": "2025-02-07T18:12:29.191Z",
    "duration": 9627,
    "testsRegistered": 4,
    "passPercent": 100,
    "pendingPercent": 0,
    "other": 0,
    "hasOther": false,
    "skipped": 0,
    "hasSkipped": false
  },
  "results": [
    {
      "uuid": "a702c4c9-bb74-40ef-9296-0c1c55580bfb",
      "title": "",
      "fullFile": "cypress\\e2e\\tests\\loginPageTest.cy.js",
      "file": "cypress\\e2e\\tests\\loginPageTest.cy.js",
      "beforeHooks": [],
      "afterHooks": [],
      "tests": [],
      "suites": [
        {
          "uuid": "3d6897f4-cda1-4b20-a5e4-c93d6cb7801f",
          "title": " test automation",
          "fullFile": "",
          "file": "",
          "beforeHooks": [],
          "afterHooks": [],
          "tests": [
            {
              "title": "Login with valid credentials",
              "fullTitle": " test automation Login with valid credentials",
              "timedOut": null,
              "duration": 3553,
              "state": "passed",
              "speed": "fast",
              "pass": true,
              "fail": false,
              "pending": false,
              "context": null,
              "code": "cy.login(Cypress.env('login').username, Cypress.env('login').password);\ncy.url().should('include', '/account');\nloginPageObj.verifyLogoutButton();",
              "err": {},
              "uuid": "a7171a90-a652-49c7-a7d0-0e35a1c60f8a",
              "parentUUID": "3d6897f4-cda1-4b20-a5e4-c93d6cb7801f",
              "isHook": false,
              "skipped": false
            },
            {
              "title": "Login with invalid username",
              "fullTitle": " test automation Login with invalid username",
              "timedOut": null,
              "duration": 1417,
              "state": "passed",
              "speed": "fast",
              "pass": true,
              "fail": false,
              "pending": false,
              "context": null,
              "code": "cy.login(Cypress.env('login').invalid_username, Cypress.env('login').password);\ncy.url().should('include', '/login');\nloginPageObj.verifyWarningMessage().should('contain', Cypress.env('message').errorMessage);",
              "err": {},
              "uuid": "9d927eb0-d6be-4b76-8b76-7fc0b990f15e",
              "parentUUID": "3d6897f4-cda1-4b20-a5e4-c93d6cb7801f",
              "isHook": false,
              "skipped": false
            },
            {
              "title": "Login with invalid password",
              "fullTitle": " test automation Login with invalid password",
              "timedOut": null,
              "duration": 1411,
              "state": "passed",
              "speed": "fast",
              "pass": true,
              "fail": false,
              "pending": false,
              "context": null,
              "code": "cy.login(Cypress.env('login').username, Cypress.env('login').invalid_password);\ncy.url().should('include', '/login');\nloginPageObj.verifyWarningMessage().should('contain', Cypress.env('message').errorMessage);",
              "err": {},
              "uuid": "ab9f9688-b372-4f27-aa7a-bd9053621487",
              "parentUUID": "3d6897f4-cda1-4b20-a5e4-c93d6cb7801f",
              "isHook": false,
              "skipped": false
            },
            {
              "title": "POST Request - Login with POST API",
              "fullTitle": " test automation POST Request - Login with POST API",
              "timedOut": null,
              "duration": 1013,
              "state": "passed",
              "speed": "fast",
              "pass": true,
              "fail": false,
              "pending": false,
              "context": null,
              "code": "cy.request({\n  method: 'POST',\n  url: 'https://reqres.in/api/users',\n  body: {\n    \"username\": \"Anchana\",\n    \"password\": \"password\"\n  }\n}).then(response => {\n  cy.log(`Response Body: ${JSON.stringify(response.body)}`);\n  expect(response.status).to.eq(201);\n  expect(response.body.username).to.eq(\"Anchana\");\n});",
              "err": {},
              "uuid": "85d7cb05-8a05-4bf6-8ef4-05838fd62c27",
              "parentUUID": "3d6897f4-cda1-4b20-a5e4-c93d6cb7801f",
              "isHook": false,
              "skipped": false
            }
          ],
          "suites": [],
          "passes": [
            "a7171a90-a652-49c7-a7d0-0e35a1c60f8a",
            "9d927eb0-d6be-4b76-8b76-7fc0b990f15e",
            "ab9f9688-b372-4f27-aa7a-bd9053621487",
            "85d7cb05-8a05-4bf6-8ef4-05838fd62c27"
          ],
          "failures": [],
          "pending": [],
          "skipped": [],
          "duration": 7394,
          "root": false,
          "rootEmpty": false,
          "_timeout": 2000
        }
      ],
      "passes": [],
      "failures": [],
      "pending": [],
      "skipped": [],
      "duration": 0,
      "root": true,
      "rootEmpty": true,
      "_timeout": 2000
    }
  ],
  "meta": {
    "mocha": {
      "version": "7.0.1"
    },
    "mochawesome": {
      "options": {
        "quiet": false,
        "reportFilename": "mochawesome",
        "saveHtml": true,
        "saveJson": true,
        "consoleReporter": "spec",
        "useInlineDiffs": false,
        "code": true
      },
      "version": "7.1.3"
    },
    "marge": {
      "options": {
        "reportDir": "cypress/reports/mochawesome-report",
        "overwrite": true,
        "html": true,
        "json": true
      },
      "version": "6.2.0"
    }
  }
}